<?xml version="1.0" encoding="UTF-8"?>
<!-- Generated by org.testng.reporters.JUnitReportReporter -->
<testsuite skipped="0" hostname="DESKTOP-QDS93UK" name="com.employeesapi.testcases.TC001_Get_all_employees" tests="3" failures="0" timestamp="2019-08-22T00:54:06 EDT" time="0.054" errors="0">
  <testcase name="checkresponsebody" time="0.050" classname="com.employeesapi.testcases.TC001_Get_all_employees"/>
  <testcase name="checkstatus" time="0.002" classname="com.employeesapi.testcases.TC001_Get_all_employees"/>
  <testcase name="checkresponsetime" time="0.002" classname="com.employeesapi.testcases.TC001_Get_all_employees"/>
</testsuite> <!-- com.employeesapi.testcases.TC001_Get_all_employees -->
