<?xml version="1.0" encoding="UTF-8"?>
<!-- Generated by org.testng.reporters.JUnitReportReporter -->
<testsuite skipped="0" hostname="DESKTOP-QDS93UK" name="com.employeesapi.testcases.TC002_GetSingleemprecord" tests="3" failures="0" timestamp="2019-08-22T00:54:06 EDT" time="0.008" errors="0">
  <testcase name="checkresponsetime" time="0.001" classname="com.employeesapi.testcases.TC002_GetSingleemprecord"/>
  <testcase name="checkresponsebody" time="0.003" classname="com.employeesapi.testcases.TC002_GetSingleemprecord"/>
  <testcase name="checkstatus" time="0.004" classname="com.employeesapi.testcases.TC002_GetSingleemprecord"/>
</testsuite> <!-- com.employeesapi.testcases.TC002_GetSingleemprecord -->
